[0.034s] Invoking command in '/home/robousr/ROS2Dev/robotica_2025_ws/src/practica1_description/build/practica1_description': CMAKE_PREFIX_PATH=${CMAKE_PREFIX_PATH}:/opt/ros/humble /usr/bin/cmake /home/robousr/ROS2Dev/robotica_2025_ws/src/practica1_description -DCMAKE_INSTALL_PREFIX=/home/robousr/ROS2Dev/robotica_2025_ws/src/practica1_description/install/practica1_description
[0.214s] -- The C compiler identification is GNU 11.4.0
[0.375s] -- The CXX compiler identification is GNU 11.4.0
[0.394s] -- Detecting C compiler ABI info
[0.720s] -- Detecting C compiler ABI info - done
[0.757s] -- Check for working C compiler: /usr/bin/cc - skipped
[0.758s] -- Detecting C compile features
[0.759s] -- Detecting C compile features - done
[0.771s] -- Detecting CXX compiler ABI info
[1.081s] -- Detecting CXX compiler ABI info - done
[1.111s] -- Check for working CXX compiler: /usr/bin/c++ - skipped
[1.111s] -- Detecting CXX compile features
[1.112s] -- Detecting CXX compile features - done
[1.116s] -- Found ament_cmake: 1.3.10 (/opt/ros/humble/share/ament_cmake/cmake)
[2.550s] -- Found Python3: /home/robousr/.pyenv/shims/python3 (found version "3.10.12") found components: Interpreter 
[2.920s] -- Found ament_lint_auto: 0.12.11 (/opt/ros/humble/share/ament_lint_auto/cmake)
[3.299s] -- Added test 'cppcheck' to perform static code analysis on C / C++ code
[3.300s] -- Configured cppcheck include dirs: 
[3.301s] -- Configured cppcheck exclude dirs and/or files: 
[3.305s] -- Added test 'lint_cmake' to check CMake code style
[3.320s] -- Added test 'uncrustify' to check C / C++ code style
[3.320s] -- Configured uncrustify additional arguments: 
[3.323s] -- Added test 'xmllint' to check XML markup files
[3.329s] -- Configuring done
[3.336s] -- Generating done
[3.340s] -- Build files have been written to: /home/robousr/ROS2Dev/robotica_2025_ws/src/practica1_description/build/practica1_description
[3.353s] Invoked command in '/home/robousr/ROS2Dev/robotica_2025_ws/src/practica1_description/build/practica1_description' returned '0': CMAKE_PREFIX_PATH=${CMAKE_PREFIX_PATH}:/opt/ros/humble /usr/bin/cmake /home/robousr/ROS2Dev/robotica_2025_ws/src/practica1_description -DCMAKE_INSTALL_PREFIX=/home/robousr/ROS2Dev/robotica_2025_ws/src/practica1_description/install/practica1_description
[3.357s] Invoking command in '/home/robousr/ROS2Dev/robotica_2025_ws/src/practica1_description/build/practica1_description': CMAKE_PREFIX_PATH=${CMAKE_PREFIX_PATH}:/opt/ros/humble /usr/bin/cmake --build /home/robousr/ROS2Dev/robotica_2025_ws/src/practica1_description/build/practica1_description -- -j2 -l2
[3.476s] Invoked command in '/home/robousr/ROS2Dev/robotica_2025_ws/src/practica1_description/build/practica1_description' returned '0': CMAKE_PREFIX_PATH=${CMAKE_PREFIX_PATH}:/opt/ros/humble /usr/bin/cmake --build /home/robousr/ROS2Dev/robotica_2025_ws/src/practica1_description/build/practica1_description -- -j2 -l2
[3.655s] Invoking command in '/home/robousr/ROS2Dev/robotica_2025_ws/src/practica1_description/build/practica1_description': CMAKE_PREFIX_PATH=${CMAKE_PREFIX_PATH}:/opt/ros/humble /usr/bin/cmake --install /home/robousr/ROS2Dev/robotica_2025_ws/src/practica1_description/build/practica1_description
[3.674s] -- Install configuration: ""
[3.674s] -- Installing: /home/robousr/ROS2Dev/robotica_2025_ws/src/practica1_description/install/practica1_description/share/ament_index/resource_index/package_run_dependencies/practica1_description
[3.676s] -- Installing: /home/robousr/ROS2Dev/robotica_2025_ws/src/practica1_description/install/practica1_description/share/ament_index/resource_index/parent_prefix_path/practica1_description
[3.682s] -- Installing: /home/robousr/ROS2Dev/robotica_2025_ws/src/practica1_description/install/practica1_description/share/practica1_description/environment/ament_prefix_path.sh
[3.682s] -- Installing: /home/robousr/ROS2Dev/robotica_2025_ws/src/practica1_description/install/practica1_description/share/practica1_description/environment/ament_prefix_path.dsv
[3.682s] -- Installing: /home/robousr/ROS2Dev/robotica_2025_ws/src/practica1_description/install/practica1_description/share/practica1_description/environment/path.sh
[3.687s] -- Installing: /home/robousr/ROS2Dev/robotica_2025_ws/src/practica1_description/install/practica1_description/share/practica1_description/environment/path.dsv
[3.689s] -- Installing: /home/robousr/ROS2Dev/robotica_2025_ws/src/practica1_description/install/practica1_description/share/practica1_description/local_setup.bash
[3.689s] -- Installing: /home/robousr/ROS2Dev/robotica_2025_ws/src/practica1_description/install/practica1_description/share/practica1_description/local_setup.sh
[3.690s] -- Installing: /home/robousr/ROS2Dev/robotica_2025_ws/src/practica1_description/install/practica1_description/share/practica1_description/local_setup.zsh
[3.691s] -- Installing: /home/robousr/ROS2Dev/robotica_2025_ws/src/practica1_description/install/practica1_description/share/practica1_description/local_setup.dsv
[3.691s] -- Installing: /home/robousr/ROS2Dev/robotica_2025_ws/src/practica1_description/install/practica1_description/share/practica1_description/package.dsv
[3.692s] -- Installing: /home/robousr/ROS2Dev/robotica_2025_ws/src/practica1_description/install/practica1_description/share/ament_index/resource_index/packages/practica1_description
[3.693s] -- Installing: /home/robousr/ROS2Dev/robotica_2025_ws/src/practica1_description/install/practica1_description/share/practica1_description/cmake/practica1_descriptionConfig.cmake
[3.693s] -- Installing: /home/robousr/ROS2Dev/robotica_2025_ws/src/practica1_description/install/practica1_description/share/practica1_description/cmake/practica1_descriptionConfig-version.cmake
[3.695s] -- Installing: /home/robousr/ROS2Dev/robotica_2025_ws/src/practica1_description/install/practica1_description/share/practica1_description/package.xml
[3.701s] Invoked command in '/home/robousr/ROS2Dev/robotica_2025_ws/src/practica1_description/build/practica1_description' returned '0': CMAKE_PREFIX_PATH=${CMAKE_PREFIX_PATH}:/opt/ros/humble /usr/bin/cmake --install /home/robousr/ROS2Dev/robotica_2025_ws/src/practica1_description/build/practica1_description
