[0.315s] DEBUG:colcon:Command line arguments: ['/usr/bin/colcon', 'build']
[0.315s] DEBUG:colcon:Parsed command line arguments: Namespace(log_base=None, log_level=None, verb_name='build', build_base='build', install_base='install', merge_install=False, symlink_install=False, test_result_base=None, continue_on_error=False, executor='parallel', parallel_workers=2, event_handlers=None, ignore_user_meta=False, metas=['./colcon.meta'], base_paths=['.'], packages_ignore=None, packages_ignore_regex=None, paths=None, packages_up_to=None, packages_up_to_regex=None, packages_above=None, packages_above_and_dependencies=None, packages_above_depth=None, packages_select_by_dep=None, packages_skip_by_dep=None, packages_skip_up_to=None, packages_select_build_failed=False, packages_skip_build_finished=False, packages_select_test_failures=False, packages_skip_test_passed=False, packages_select=None, packages_skip=None, packages_select_regex=None, packages_skip_regex=None, packages_start=None, packages_end=None, allow_overriding=[], cmake_args=None, cmake_target=None, cmake_target_skip_unavailable=False, cmake_clean_cache=False, cmake_clean_first=False, cmake_force_configure=False, ament_cmake_args=None, catkin_cmake_args=None, catkin_skip_building_tests=False, mixin_files=None, mixin=None, verb_parser=<colcon_mixin.mixin.mixin_argument.MixinArgumentDecorator object at 0x7368c5133400>, verb_extension=<colcon_core.verb.build.BuildVerb object at 0x7368c5132ec0>, main=<bound method BuildVerb.main of <colcon_core.verb.build.BuildVerb object at 0x7368c5132ec0>>, mixin_verb=('build',))
[0.716s] Level 1:colcon.colcon_core.package_discovery:discover_packages(colcon_meta) check parameters
[0.716s] Level 1:colcon.colcon_core.package_discovery:discover_packages(recursive) check parameters
[0.717s] Level 1:colcon.colcon_core.package_discovery:discover_packages(ignore) check parameters
[0.717s] Level 1:colcon.colcon_core.package_discovery:discover_packages(path) check parameters
[0.717s] Level 1:colcon.colcon_core.package_discovery:discover_packages(colcon_meta) discover
[0.717s] Level 1:colcon.colcon_core.package_discovery:discover_packages(recursive) discover
[0.717s] INFO:colcon.colcon_core.package_discovery:Crawling recursively for packages in '/home/robousr/ROS2Dev/ros2_ws'
[0.717s] Level 1:colcon.colcon_core.package_identification:_identify(.) by extensions ['ignore', 'ignore_ament_install']
[0.717s] Level 1:colcon.colcon_core.package_identification:_identify(.) by extension 'ignore'
[0.717s] Level 1:colcon.colcon_core.package_identification:_identify(.) by extension 'ignore_ament_install'
[0.718s] Level 1:colcon.colcon_core.package_identification:_identify(.) by extensions ['colcon_pkg']
[0.718s] Level 1:colcon.colcon_core.package_identification:_identify(.) by extension 'colcon_pkg'
[0.718s] Level 1:colcon.colcon_core.package_identification:_identify(.) by extensions ['colcon_meta']
[0.718s] Level 1:colcon.colcon_core.package_identification:_identify(.) by extension 'colcon_meta'
[0.718s] Level 1:colcon.colcon_core.package_identification:_identify(.) by extensions ['ros']
[0.718s] Level 1:colcon.colcon_core.package_identification:_identify(.) by extension 'ros'
[0.745s] Level 1:colcon.colcon_core.package_identification:_identify(.) by extensions ['cmake', 'python']
[0.745s] Level 1:colcon.colcon_core.package_identification:_identify(.) by extension 'cmake'
[0.745s] Level 1:colcon.colcon_core.package_identification:_identify(.) by extension 'python'
[0.745s] Level 1:colcon.colcon_core.package_identification:_identify(.) by extensions ['python_setup_py']
[0.745s] Level 1:colcon.colcon_core.package_identification:_identify(.) by extension 'python_setup_py'
[0.745s] Level 1:colcon.colcon_core.package_identification:_identify(build) by extensions ['ignore', 'ignore_ament_install']
[0.746s] Level 1:colcon.colcon_core.package_identification:_identify(build) by extension 'ignore'
[0.746s] Level 1:colcon.colcon_core.package_identification:_identify(build) ignored
[0.746s] Level 1:colcon.colcon_core.package_identification:_identify(install) by extensions ['ignore', 'ignore_ament_install']
[0.746s] Level 1:colcon.colcon_core.package_identification:_identify(install) by extension 'ignore'
[0.747s] Level 1:colcon.colcon_core.package_identification:_identify(install) ignored
[0.747s] Level 1:colcon.colcon_core.package_identification:_identify(log) by extensions ['ignore', 'ignore_ament_install']
[0.747s] Level 1:colcon.colcon_core.package_identification:_identify(log) by extension 'ignore'
[0.747s] Level 1:colcon.colcon_core.package_identification:_identify(log) ignored
[0.747s] Level 1:colcon.colcon_core.package_identification:_identify(src) by extensions ['ignore', 'ignore_ament_install']
[0.747s] Level 1:colcon.colcon_core.package_identification:_identify(src) by extension 'ignore'
[0.748s] Level 1:colcon.colcon_core.package_identification:_identify(src) by extension 'ignore_ament_install'
[0.748s] Level 1:colcon.colcon_core.package_identification:_identify(src) by extensions ['colcon_pkg']
[0.748s] Level 1:colcon.colcon_core.package_identification:_identify(src) by extension 'colcon_pkg'
[0.748s] Level 1:colcon.colcon_core.package_identification:_identify(src) by extensions ['colcon_meta']
[0.748s] Level 1:colcon.colcon_core.package_identification:_identify(src) by extension 'colcon_meta'
[0.748s] Level 1:colcon.colcon_core.package_identification:_identify(src) by extensions ['ros']
[0.748s] Level 1:colcon.colcon_core.package_identification:_identify(src) by extension 'ros'
[0.748s] Level 1:colcon.colcon_core.package_identification:_identify(src) by extensions ['cmake', 'python']
[0.748s] Level 1:colcon.colcon_core.package_identification:_identify(src) by extension 'cmake'
[0.749s] Level 1:colcon.colcon_core.package_identification:_identify(src) by extension 'python'
[0.749s] Level 1:colcon.colcon_core.package_identification:_identify(src) by extensions ['python_setup_py']
[0.749s] Level 1:colcon.colcon_core.package_identification:_identify(src) by extension 'python_setup_py'
[0.749s] Level 1:colcon.colcon_core.package_identification:_identify(src/my_package) by extensions ['ignore', 'ignore_ament_install']
[0.749s] Level 1:colcon.colcon_core.package_identification:_identify(src/my_package) by extension 'ignore'
[0.749s] Level 1:colcon.colcon_core.package_identification:_identify(src/my_package) by extension 'ignore_ament_install'
[0.749s] Level 1:colcon.colcon_core.package_identification:_identify(src/my_package) by extensions ['colcon_pkg']
[0.749s] Level 1:colcon.colcon_core.package_identification:_identify(src/my_package) by extension 'colcon_pkg'
[0.750s] Level 1:colcon.colcon_core.package_identification:_identify(src/my_package) by extensions ['colcon_meta']
[0.750s] Level 1:colcon.colcon_core.package_identification:_identify(src/my_package) by extension 'colcon_meta'
[0.750s] Level 1:colcon.colcon_core.package_identification:_identify(src/my_package) by extensions ['ros']
[0.750s] Level 1:colcon.colcon_core.package_identification:_identify(src/my_package) by extension 'ros'
[0.759s] DEBUG:colcon.colcon_core.package_identification:Package 'src/my_package' with type 'ros.ament_cmake' and name 'my_package'
[0.759s] Level 1:colcon.colcon_core.package_discovery:discover_packages(recursive) using defaults
[0.759s] Level 1:colcon.colcon_core.package_discovery:discover_packages(ignore) discover
[0.760s] Level 1:colcon.colcon_core.package_discovery:discover_packages(ignore) using defaults
[0.760s] Level 1:colcon.colcon_core.package_discovery:discover_packages(path) discover
[0.760s] Level 1:colcon.colcon_core.package_discovery:discover_packages(path) using defaults
[0.806s] Level 1:colcon.colcon_core.package_discovery:discover_packages(prefix_path) check parameters
[0.806s] Level 1:colcon.colcon_core.package_discovery:discover_packages(prefix_path) discover
[0.812s] DEBUG:colcon.colcon_installed_package_information.package_discovery:Found 277 installed packages in /opt/ros/humble
[0.815s] Level 1:colcon.colcon_core.package_discovery:discover_packages(prefix_path) using defaults
[0.919s] Level 5:colcon.colcon_core.verb:set package 'my_package' build argument 'cmake_args' from command line to 'None'
[0.919s] Level 5:colcon.colcon_core.verb:set package 'my_package' build argument 'cmake_target' from command line to 'None'
[0.919s] Level 5:colcon.colcon_core.verb:set package 'my_package' build argument 'cmake_target_skip_unavailable' from command line to 'False'
[0.919s] Level 5:colcon.colcon_core.verb:set package 'my_package' build argument 'cmake_clean_cache' from command line to 'False'
[0.919s] Level 5:colcon.colcon_core.verb:set package 'my_package' build argument 'cmake_clean_first' from command line to 'False'
[0.919s] Level 5:colcon.colcon_core.verb:set package 'my_package' build argument 'cmake_force_configure' from command line to 'False'
[0.920s] Level 5:colcon.colcon_core.verb:set package 'my_package' build argument 'ament_cmake_args' from command line to 'None'
[0.920s] Level 5:colcon.colcon_core.verb:set package 'my_package' build argument 'catkin_cmake_args' from command line to 'None'
[0.920s] Level 5:colcon.colcon_core.verb:set package 'my_package' build argument 'catkin_skip_building_tests' from command line to 'False'
[0.920s] DEBUG:colcon.colcon_core.verb:Building package 'my_package' with the following arguments: {'ament_cmake_args': None, 'build_base': '/home/robousr/ROS2Dev/ros2_ws/build/my_package', 'catkin_cmake_args': None, 'catkin_skip_building_tests': False, 'cmake_args': None, 'cmake_clean_cache': False, 'cmake_clean_first': False, 'cmake_force_configure': False, 'cmake_target': None, 'cmake_target_skip_unavailable': False, 'install_base': '/home/robousr/ROS2Dev/ros2_ws/install/my_package', 'merge_install': False, 'path': '/home/robousr/ROS2Dev/ros2_ws/src/my_package', 'symlink_install': False, 'test_result_base': None}
[0.920s] INFO:colcon.colcon_core.executor:Executing jobs using 'parallel' executor
[0.923s] DEBUG:colcon.colcon_parallel_executor.executor.parallel:run_until_complete
[0.923s] INFO:colcon.colcon_ros.task.ament_cmake.build:Building ROS package in '/home/robousr/ROS2Dev/ros2_ws/src/my_package' with build type 'ament_cmake'
[0.923s] INFO:colcon.colcon_cmake.task.cmake.build:Building CMake package in '/home/robousr/ROS2Dev/ros2_ws/src/my_package'
[0.928s] INFO:colcon.colcon_core.plugin_system:Skipping extension 'colcon_core.shell.bat': Not used on non-Windows systems
[0.929s] INFO:colcon.colcon_core.shell:Skip shell extension 'powershell' for command environment: Not usable outside of PowerShell
[0.929s] DEBUG:colcon.colcon_core.shell:Skip shell extension 'dsv' for command environment
[0.956s] DEBUG:colcon.colcon_core.event_handler.log_command:Invoking command in '/home/robousr/ROS2Dev/ros2_ws/build/my_package': CMAKE_PREFIX_PATH=/opt/ros/humble /usr/bin/cmake /home/robousr/ROS2Dev/ros2_ws/src/my_package -DCMAKE_INSTALL_PREFIX=/home/robousr/ROS2Dev/ros2_ws/install/my_package
[4.521s] DEBUG:colcon.colcon_core.event_handler.log_command:Invoked command in '/home/robousr/ROS2Dev/ros2_ws/build/my_package' returned '0': CMAKE_PREFIX_PATH=/opt/ros/humble /usr/bin/cmake /home/robousr/ROS2Dev/ros2_ws/src/my_package -DCMAKE_INSTALL_PREFIX=/home/robousr/ROS2Dev/ros2_ws/install/my_package
[4.523s] DEBUG:colcon.colcon_core.event_handler.log_command:Invoking command in '/home/robousr/ROS2Dev/ros2_ws/build/my_package': CMAKE_PREFIX_PATH=/opt/ros/humble /usr/bin/cmake --build /home/robousr/ROS2Dev/ros2_ws/build/my_package -- -j2 -l2
[4.632s] DEBUG:colcon.colcon_core.event_handler.log_command:Invoked command in '/home/robousr/ROS2Dev/ros2_ws/build/my_package' returned '0': CMAKE_PREFIX_PATH=/opt/ros/humble /usr/bin/cmake --build /home/robousr/ROS2Dev/ros2_ws/build/my_package -- -j2 -l2
[4.758s] DEBUG:colcon.colcon_core.event_handler.log_command:Invoking command in '/home/robousr/ROS2Dev/ros2_ws/build/my_package': CMAKE_PREFIX_PATH=/opt/ros/humble /usr/bin/cmake --install /home/robousr/ROS2Dev/ros2_ws/build/my_package
[4.790s] Level 1:colcon.colcon_core.environment:create_environment_scripts_only(my_package)
[4.792s] DEBUG:colcon.colcon_core.event_handler.log_command:Invoked command in '/home/robousr/ROS2Dev/ros2_ws/build/my_package' returned '0': CMAKE_PREFIX_PATH=/opt/ros/humble /usr/bin/cmake --install /home/robousr/ROS2Dev/ros2_ws/build/my_package
[4.814s] Level 1:colcon.colcon_core.environment:checking '/home/robousr/ROS2Dev/ros2_ws/install/my_package' for CMake module files
[4.815s] Level 1:colcon.colcon_core.environment:checking '/home/robousr/ROS2Dev/ros2_ws/install/my_package' for CMake config files
[4.816s] Level 1:colcon.colcon_core.shell:create_environment_hook('my_package', 'cmake_prefix_path')
[4.816s] INFO:colcon.colcon_core.shell:Creating environment hook '/home/robousr/ROS2Dev/ros2_ws/install/my_package/share/my_package/hook/cmake_prefix_path.ps1'
[4.819s] INFO:colcon.colcon_core.shell:Creating environment descriptor '/home/robousr/ROS2Dev/ros2_ws/install/my_package/share/my_package/hook/cmake_prefix_path.dsv'
[4.821s] INFO:colcon.colcon_core.shell:Creating environment hook '/home/robousr/ROS2Dev/ros2_ws/install/my_package/share/my_package/hook/cmake_prefix_path.sh'
[4.823s] Level 1:colcon.colcon_core.environment:checking '/home/robousr/ROS2Dev/ros2_ws/install/my_package/bin'
[4.823s] Level 1:colcon.colcon_core.environment:checking '/home/robousr/ROS2Dev/ros2_ws/install/my_package/lib/pkgconfig/my_package.pc'
[4.824s] Level 1:colcon.colcon_core.environment:checking '/home/robousr/ROS2Dev/ros2_ws/install/my_package/lib/python3.10/site-packages'
[4.824s] Level 1:colcon.colcon_core.environment:checking '/home/robousr/ROS2Dev/ros2_ws/install/my_package/bin'
[4.825s] INFO:colcon.colcon_core.shell:Creating package script '/home/robousr/ROS2Dev/ros2_ws/install/my_package/share/my_package/package.ps1'
[4.827s] INFO:colcon.colcon_core.shell:Creating package descriptor '/home/robousr/ROS2Dev/ros2_ws/install/my_package/share/my_package/package.dsv'
[4.828s] INFO:colcon.colcon_core.shell:Creating package script '/home/robousr/ROS2Dev/ros2_ws/install/my_package/share/my_package/package.sh'
[4.830s] INFO:colcon.colcon_core.shell:Creating package script '/home/robousr/ROS2Dev/ros2_ws/install/my_package/share/my_package/package.bash'
[4.832s] INFO:colcon.colcon_core.shell:Creating package script '/home/robousr/ROS2Dev/ros2_ws/install/my_package/share/my_package/package.zsh'
[4.834s] Level 1:colcon.colcon_core.environment:create_file_with_runtime_dependencies(/home/robousr/ROS2Dev/ros2_ws/install/my_package/share/colcon-core/packages/my_package)
[4.921s] Level 1:colcon.colcon_core.environment:create_environment_scripts_only(my_package)
[4.922s] Level 1:colcon.colcon_core.environment:checking '/home/robousr/ROS2Dev/ros2_ws/install/my_package' for CMake module files
[4.923s] Level 1:colcon.colcon_core.environment:checking '/home/robousr/ROS2Dev/ros2_ws/install/my_package' for CMake config files
[4.923s] Level 1:colcon.colcon_core.shell:create_environment_hook('my_package', 'cmake_prefix_path')
[4.924s] INFO:colcon.colcon_core.shell:Creating environment hook '/home/robousr/ROS2Dev/ros2_ws/install/my_package/share/my_package/hook/cmake_prefix_path.ps1'
[4.925s] INFO:colcon.colcon_core.shell:Creating environment descriptor '/home/robousr/ROS2Dev/ros2_ws/install/my_package/share/my_package/hook/cmake_prefix_path.dsv'
[4.926s] INFO:colcon.colcon_core.shell:Creating environment hook '/home/robousr/ROS2Dev/ros2_ws/install/my_package/share/my_package/hook/cmake_prefix_path.sh'
[4.928s] Level 1:colcon.colcon_core.environment:checking '/home/robousr/ROS2Dev/ros2_ws/install/my_package/bin'
[4.928s] Level 1:colcon.colcon_core.environment:checking '/home/robousr/ROS2Dev/ros2_ws/install/my_package/lib/pkgconfig/my_package.pc'
[4.928s] Level 1:colcon.colcon_core.environment:checking '/home/robousr/ROS2Dev/ros2_ws/install/my_package/lib/python3.10/site-packages'
[4.929s] Level 1:colcon.colcon_core.environment:checking '/home/robousr/ROS2Dev/ros2_ws/install/my_package/bin'
[4.929s] INFO:colcon.colcon_core.shell:Creating package script '/home/robousr/ROS2Dev/ros2_ws/install/my_package/share/my_package/package.ps1'
[4.931s] INFO:colcon.colcon_core.shell:Creating package descriptor '/home/robousr/ROS2Dev/ros2_ws/install/my_package/share/my_package/package.dsv'
[4.932s] INFO:colcon.colcon_core.shell:Creating package script '/home/robousr/ROS2Dev/ros2_ws/install/my_package/share/my_package/package.sh'
[4.934s] INFO:colcon.colcon_core.shell:Creating package script '/home/robousr/ROS2Dev/ros2_ws/install/my_package/share/my_package/package.bash'
[4.935s] INFO:colcon.colcon_core.shell:Creating package script '/home/robousr/ROS2Dev/ros2_ws/install/my_package/share/my_package/package.zsh'
[4.936s] Level 1:colcon.colcon_core.environment:create_file_with_runtime_dependencies(/home/robousr/ROS2Dev/ros2_ws/install/my_package/share/colcon-core/packages/my_package)
[4.937s] DEBUG:colcon.colcon_parallel_executor.executor.parallel:closing loop
[4.938s] DEBUG:colcon.colcon_parallel_executor.executor.parallel:loop closed
[4.938s] DEBUG:colcon.colcon_parallel_executor.executor.parallel:run_until_complete finished with '0'
[4.938s] DEBUG:colcon.colcon_core.event_reactor:joining thread
[4.951s] INFO:colcon.colcon_core.plugin_system:Skipping extension 'colcon_notification.desktop_notification.terminal_notifier': Not used on non-Darwin systems
[4.952s] INFO:colcon.colcon_core.plugin_system:Skipping extension 'colcon_notification.desktop_notification.win32': Not used on non-Windows systems
[4.952s] INFO:colcon.colcon_notification.desktop_notification:Sending desktop notification using 'notify2'
[4.988s] DEBUG:colcon.colcon_core.event_reactor:joined thread
[4.989s] INFO:colcon.colcon_core.shell:Creating prefix script '/home/robousr/ROS2Dev/ros2_ws/install/local_setup.ps1'
[4.991s] INFO:colcon.colcon_core.shell:Creating prefix util module '/home/robousr/ROS2Dev/ros2_ws/install/_local_setup_util_ps1.py'
[4.995s] INFO:colcon.colcon_core.shell:Creating prefix chain script '/home/robousr/ROS2Dev/ros2_ws/install/setup.ps1'
[4.999s] INFO:colcon.colcon_core.shell:Creating prefix script '/home/robousr/ROS2Dev/ros2_ws/install/local_setup.sh'
[5.001s] INFO:colcon.colcon_core.shell:Creating prefix util module '/home/robousr/ROS2Dev/ros2_ws/install/_local_setup_util_sh.py'
[5.002s] INFO:colcon.colcon_core.shell:Creating prefix chain script '/home/robousr/ROS2Dev/ros2_ws/install/setup.sh'
[5.005s] INFO:colcon.colcon_core.shell:Creating prefix script '/home/robousr/ROS2Dev/ros2_ws/install/local_setup.bash'
[5.007s] INFO:colcon.colcon_core.shell:Creating prefix chain script '/home/robousr/ROS2Dev/ros2_ws/install/setup.bash'
[5.009s] INFO:colcon.colcon_core.shell:Creating prefix script '/home/robousr/ROS2Dev/ros2_ws/install/local_setup.zsh'
[5.012s] INFO:colcon.colcon_core.shell:Creating prefix chain script '/home/robousr/ROS2Dev/ros2_ws/install/setup.zsh'
